<?xml version="1.0" encoding="UTF-8"?>
<testsuite name="TestSuite" time="86.275" tests="27" errors="0" skipped="0" failures="1">
  <properties>
    <property name="java.runtime.name" value="Java(TM) SE Runtime Environment"/>
    <property name="sun.boot.library.path" value="C:\Program Files\Java\jdk1.8.0_201\jre\bin"/>
    <property name="java.vm.version" value="25.201-b09"/>
    <property name="java.vm.vendor" value="Oracle Corporation"/>
    <property name="java.vendor.url" value="http://java.oracle.com/"/>
    <property name="path.separator" value=";"/>
    <property name="guice.disable.misplaced.annotation.check" value="true"/>
    <property name="java.vm.name" value="Java HotSpot(TM) 64-Bit Server VM"/>
    <property name="file.encoding.pkg" value="sun.io"/>
    <property name="user.script" value=""/>
    <property name="user.country" value="IN"/>
    <property name="sun.java.launcher" value="SUN_STANDARD"/>
    <property name="sun.os.patch.level" value=""/>
    <property name="java.vm.specification.name" value="Java Virtual Machine Specification"/>
    <property name="user.dir" value="E:\shilpans\shilpa automation\iAuthSSODDF"/>
    <property name="java.runtime.version" value="1.8.0_201-b09"/>
    <property name="java.awt.graphicsenv" value="sun.awt.Win32GraphicsEnvironment"/>
    <property name="java.endorsed.dirs" value="C:\Program Files\Java\jdk1.8.0_201\jre\lib\endorsed"/>
    <property name="os.arch" value="amd64"/>
    <property name="java.io.tmpdir" value="C:\Users\shilpans\AppData\Local\Temp\"/>
    <property name="line.separator" value="&#10;"/>
    <property name="java.vm.specification.vendor" value="Oracle Corporation"/>
    <property name="user.variant" value=""/>
    <property name="os.name" value="Windows 8.1"/>
    <property name="classworlds.conf" value="E:\shilpans\shilpa automation\.metadata\.plugins\org.eclipse.m2e.launching\launches\m2conf2833932956127807428.tmp"/>
    <property name="sun.jnu.encoding" value="Cp1252"/>
    <property name="java.library.path" value="C:\Program Files\Java\jdk1.8.0_201\bin;C:\Windows\Sun\Java\bin;C:\Windows\system32;C:\Windows;C:/Program Files/Java/jre1.8.0_201/bin/server;C:/Program Files/Java/jre1.8.0_201/bin;C:/Program Files/Java/jre1.8.0_201/lib/amd64;C:\Program Files (x86)\Common Files\Oracle\Java\javapath;C:\Windows\system32;C:\Windows;C:\Windows\System32\Wbem;C:\Windows\System32\WindowsPowerShell\v1.0\;C:\Program Files\Git\cmd;C:\Windows\system32\config\systemprofile\.dnx\bin;C:\Program Files\Microsoft DNX\Dnvm\;C:\Program Files\Microsoft SQL Server\130\Tools\Binn\;C:\Program Files (x86)\Microsoft SQL Server\Client SDK\ODBC\130\Tools\Binn\;C:\Program Files (x86)\Microsoft SQL Server\140\Tools\Binn\;C:\Program Files (x86)\Microsoft SQL Server\140\DTS\Binn\;C:\Program Files (x86)\Microsoft SQL Server\140\Tools\Binn\ManagementStudio\;C:\Program Files\Java\jdk1.8.0_201\bin;E:\shilpans\apache-maven-3.3.9-bin\apache-maven-3.3.9\bin;C:\Users\shilpans\AppData\Local\Programs\Python\Python36\Scripts\;C:\Users\shilpans\AppData\Local\Programs\Python\Python36\;E:\shilpans\eclipse-jee-luna-SR2-win32-x86_64\eclipse;;."/>
    <property name="java.specification.name" value="Java Platform API Specification"/>
    <property name="java.class.version" value="52.0"/>
    <property name="sun.management.compiler" value="HotSpot 64-Bit Tiered Compilers"/>
    <property name="os.version" value="6.3"/>
    <property name="user.home" value="C:\Users\shilpans"/>
    <property name="user.timezone" value="Asia/Calcutta"/>
    <property name="java.awt.printerjob" value="sun.awt.windows.WPrinterJob"/>
    <property name="java.specification.version" value="1.8"/>
    <property name="file.encoding" value="Cp1252"/>
    <property name="user.name" value="shilpans"/>
    <property name="java.class.path" value="/E:/shilpans/eclipse-jee-luna-SR2-win32-x86_64/eclipse/plugins/org.eclipse.m2e.maven.runtime_1.5.1.20150109-1819/jars/plexus-classworlds-2.5.1.jar"/>
    <property name="org.slf4j.simpleLogger.defaultLogLevel" value="info"/>
    <property name="java.vm.specification.version" value="1.8"/>
    <property name="sun.arch.data.model" value="64"/>
    <property name="java.home" value="C:\Program Files\Java\jdk1.8.0_201\jre"/>
    <property name="sun.java.command" value="org.codehaus.plexus.classworlds.launcher.Launcher -B test"/>
    <property name="java.specification.vendor" value="Oracle Corporation"/>
    <property name="user.language" value="en"/>
    <property name="awt.toolkit" value="sun.awt.windows.WToolkit"/>
    <property name="java.vm.info" value="mixed mode"/>
    <property name="java.version" value="1.8.0_201"/>
    <property name="java.ext.dirs" value="C:\Program Files\Java\jdk1.8.0_201\jre\lib\ext;C:\Windows\Sun\Java\lib\ext"/>
    <property name="sun.boot.class.path" value="C:\Program Files\Java\jdk1.8.0_201\jre\lib\resources.jar;C:\Program Files\Java\jdk1.8.0_201\jre\lib\rt.jar;C:\Program Files\Java\jdk1.8.0_201\jre\lib\sunrsasign.jar;C:\Program Files\Java\jdk1.8.0_201\jre\lib\jsse.jar;C:\Program Files\Java\jdk1.8.0_201\jre\lib\jce.jar;C:\Program Files\Java\jdk1.8.0_201\jre\lib\charsets.jar;C:\Program Files\Java\jdk1.8.0_201\jre\lib\jfr.jar;C:\Program Files\Java\jdk1.8.0_201\jre\classes"/>
    <property name="java.vendor" value="Oracle Corporation"/>
    <property name="maven.home" value="E:\shilpans\shilpa automation\iAuthSSODDF\EMBEDDED"/>
    <property name="file.separator" value="\"/>
    <property name="java.vendor.url.bug" value="http://bugreport.sun.com/bugreport/"/>
    <property name="sun.cpu.endian" value="little"/>
    <property name="sun.io.unicode.encoding" value="UnicodeLittle"/>
    <property name="sun.desktop" value="windows"/>
    <property name="sun.cpu.isalist" value="amd64"/>
  </properties>
  <testcase name="loginTest" classname="work.myimss.test.testcases.LoginTest" time="3.357"/>
  <testcase name="myimssAdminTest" classname="work.myimss.test.testcases.MyimssAdminTest" time="2.409"/>
  <testcase name="administrationTest" classname="work.myimss.test.testcases.AdministrationTest" time="0.335"/>
  <testcase name="roleManagementAdministrationTest" classname="work.myimss.test.testcases.RoleManagementAdministrationTest" time="3.765"/>
  <testcase name="createRoleTest" classname="work.myimss.test.testcases.CreateRoleTest" time="5.724"/>
  <testcase name="roleAdvancedSearchTest" classname="work.myimss.test.testcases.RoleAdvancedSearchTest" time="2.549"/>
  <testcase name="roleEditTest" classname="work.myimss.test.testcases.RoleEditTest" time="5.874"/>
  <testcase name="roleDeleteTest" classname="work.myimss.test.testcases.RoleDeleteTest" time="6.219"/>
  <testcase name="userManagementAdministrationTest" classname="work.myimss.test.testcases.UserManagementAdministrationTest" time="3.105"/>
  <testcase name="userAdvancedSearchTest" classname="work.myimss.test.testcases.UserAdvancedSearchTest" time="2.284"/>
  <testcase name="userEditTest" classname="work.myimss.test.testcases.UserEditTest" time="4.989"/>
  <testcase name="applicationConfigurationAdministrationTest" classname="work.myimss.test.testcases.ApplicationConfigurationAdministrationTest" time="2.304"/>
  <testcase name="appConfigAdvancedSearchTest" classname="work.myimss.test.testcases.AppConfigAdvancedSearchTest" time="2.294"/>
  <testcase name="appConfigEditTest" classname="work.myimss.test.testcases.AppConfigEditTest" time="4.59"/>
  <testcase name="mainMenuSkillsTest" classname="work.myimss.test.testcases.MainMenuTest" time="3.157"/>
  <testcase name="sepAdministrationTest" classname="work.myimss.test.testcases.SepAdministrationTest" time="0.894"/>
  <testcase name="sepApplicationConfigTest" classname="work.myimss.test.testcases.SepApplicationConfigTest" time="2.88"/>
  <testcase name="sepAppConfigAdvancedSearchTest" classname="work.myimss.test.testcases.SepAppConfigAdvancedSearchTest" time="2.539"/>
  <testcase name="sepAppConfigEditTest" classname="work.myimss.test.testcases.SepAppConfigEditTest" time="4.644"/>
  <testcase name="sepLangSubCategoryTest" classname="work.myimss.test.testcases.SepLangSubCategoryTest" time="2.498"/>
  <testcase name="sepCreateLangSubCategoryTest" classname="work.myimss.test.testcases.SepCreateLangSubCategoryTest" time="4.152"/>
  <testcase name="sepLangAdvancedSearchTest" classname="work.myimss.test.testcases.SepLangAdvancedSearchTest" time="1.849"/>
  <testcase name="sepLangEditTest" classname="work.myimss.test.testcases.SepLangEditTest" time="4.24"/>
  <testcase name="sepLangDeleteTest" classname="work.myimss.test.testcases.SepLangDeleteTest" time="4.507"/>
  <testcase name="sepEvaluationTest" classname="work.myimss.test.testcases.SepEvaluationTest" time="0.44"/>
  <testcase name="sepEvaluationRequestTest" classname="work.myimss.test.testcases.SepEvaluationRequestTest" time="2.142"/>
  <testcase name="sepCreateTestRequestTest" classname="work.myimss.test.testcases.SepCreateTestRequestTest" time="2.535">
    <failure message="element not interactable&#10;  (Session info: chrome=77.0.3865.120)&#10;Build info: version: &apos;3.141.59&apos;, revision: &apos;e82be7d358&apos;, time: &apos;2018-11-14T08:17:03&apos;&#10;System info: host: &apos;IMSS-JKR-CPU-31&apos;, ip: &apos;172.16.1.220&apos;, os.name: &apos;Windows 8.1&apos;, os.arch: &apos;amd64&apos;, os.version: &apos;6.3&apos;, java.version: &apos;1.8.0_201&apos;&#10;Driver info: org.openqa.selenium.chrome.ChromeDriver&#10;Capabilities {acceptInsecureCerts: false, browserName: chrome, browserVersion: 77.0.3865.120, chrome: {chromedriverVersion: 77.0.3865.40 (f484704e052e0..., userDataDir: C:\Users\shilpans\AppData\L...}, goog:chromeOptions: {debuggerAddress: localhost:62156}, javascriptEnabled: true, networkConnectionEnabled: false, pageLoadStrategy: normal, platform: XP, platformName: XP, proxy: Proxy(), setWindowRect: true, strictFileInteractability: false, timeouts: {implicit: 0, pageLoad: 300000, script: 30000}, unhandledPromptBehavior: dismiss and notify}&#10;Session ID: c5d9c6a5a41701ecfecb8fe9b272c13c" type="org.openqa.selenium.ElementNotInteractableException">org.openqa.selenium.ElementNotInteractableException: element not interactable
  (Session info: chrome=77.0.3865.120)
Build info: version: '3.141.59', revision: 'e82be7d358', time: '2018-11-14T08:17:03'
System info: host: 'IMSS-JKR-CPU-31', ip: '172.16.1.220', os.name: 'Windows 8.1', os.arch: 'amd64', os.version: '6.3', java.version: '1.8.0_201'
Driver info: org.openqa.selenium.chrome.ChromeDriver
Capabilities {acceptInsecureCerts: false, browserName: chrome, browserVersion: 77.0.3865.120, chrome: {chromedriverVersion: 77.0.3865.40 (f484704e052e0..., userDataDir: C:\Users\shilpans\AppData\L...}, goog:chromeOptions: {debuggerAddress: localhost:62156}, javascriptEnabled: true, networkConnectionEnabled: false, pageLoadStrategy: normal, platform: XP, platformName: XP, proxy: Proxy(), setWindowRect: true, strictFileInteractability: false, timeouts: {implicit: 0, pageLoad: 300000, script: 30000}, unhandledPromptBehavior: dismiss and notify}
Session ID: c5d9c6a5a41701ecfecb8fe9b272c13c
	at sun.reflect.NativeConstructorAccessorImpl.newInstance0(Native Method)
	at sun.reflect.NativeConstructorAccessorImpl.newInstance(NativeConstructorAccessorImpl.java:62)
	at sun.reflect.DelegatingConstructorAccessorImpl.newInstance(DelegatingConstructorAccessorImpl.java:45)
	at java.lang.reflect.Constructor.newInstance(Constructor.java:423)
	at org.openqa.selenium.remote.http.W3CHttpResponseCodec.createException(W3CHttpResponseCodec.java:187)
	at org.openqa.selenium.remote.http.W3CHttpResponseCodec.decode(W3CHttpResponseCodec.java:122)
	at org.openqa.selenium.remote.http.W3CHttpResponseCodec.decode(W3CHttpResponseCodec.java:49)
	at org.openqa.selenium.remote.HttpCommandExecutor.execute(HttpCommandExecutor.java:158)
	at org.openqa.selenium.remote.service.DriverCommandExecutor.execute(DriverCommandExecutor.java:83)
	at org.openqa.selenium.remote.RemoteWebDriver.execute(RemoteWebDriver.java:552)
	at org.openqa.selenium.remote.RemoteWebElement.execute(RemoteWebElement.java:285)
	at org.openqa.selenium.remote.RemoteWebElement.sendKeys(RemoteWebElement.java:106)
	at work.myimss.test.base.TestBase.type(TestBase.java:110)
	at work.myimss.test.testcases.SepCreateTestRequestTest.sepCreateTestRequestTest(SepCreateTestRequestTest.java:24)
</failure>
  </testcase>
</testsuite>