<?xml version="1.0" encoding="UTF-8"?>
<!-- Generated by org.testng.reporters.JUnitReportReporter -->
<testsuite skipped="0" hostname="IMSS-JKR-CPU-31" name="work.myimss.test.testcases.Login" tests="1" failures="0" timestamp="09 Oct 2019 11:20:22 GMT" time="2.348" errors="0">
  <testcase name="LoginDetails" time="2.348" classname="work.myimss.test.testcases.Login"/>
</testsuite> <!-- work.myimss.test.testcases.Login -->
