<?xml version="1.0" encoding="UTF-8"?>
<!-- Generated by org.testng.reporters.JUnitReportReporter -->
<testsuite skipped="0" hostname="IMSS-JKR-CPU-31" name="work.myimss.test.testcases.SepEvaluationRequestTest" tests="1" failures="0" timestamp="30 Oct 2019 11:17:56 GMT" time="3.094" errors="0">
  <testcase name="sepEvaluationRequestTest" time="3.094" classname="work.myimss.test.testcases.SepEvaluationRequestTest"/>
</testsuite> <!-- work.myimss.test.testcases.SepEvaluationRequestTest -->
