<?xml version="1.0" encoding="UTF-8"?>
<!-- Generated by org.testng.reporters.JUnitReportReporter -->
<testsuite skipped="0" hostname="IMSS-JKR-CPU-31" name="work.myimss.test.testcases.SepCreateLangSubCategory" tests="1" failures="0" timestamp="23 Oct 2019 05:02:14 GMT" time="3.914" errors="0">
  <testcase name="sepCreateLangSubCategory" time="3.914" classname="work.myimss.test.testcases.SepCreateLangSubCategory"/>
</testsuite> <!-- work.myimss.test.testcases.SepCreateLangSubCategory -->
