<?xml version="1.0" encoding="UTF-8"?>
<!-- Generated by org.testng.reporters.JUnitReportReporter -->
<testsuite skipped="0" hostname="IMSS-JKR-CPU-31" name="work.myimss.test.testcases.UserAdvancedSearchTest" tests="1" failures="0" timestamp="23 Oct 2019 11:21:45 GMT" time="2.280" errors="0">
  <testcase name="userAdvancedSearchTest" time="2.280" classname="work.myimss.test.testcases.UserAdvancedSearchTest"/>
</testsuite> <!-- work.myimss.test.testcases.UserAdvancedSearchTest -->
