<?xml version="1.0" encoding="UTF-8"?>
<!-- Generated by org.testng.reporters.JUnitReportReporter -->
<testsuite skipped="0" hostname="IMSS-JKR-CPU-31" name="work.myimss.test.testcases.SepEvaluationTest" tests="1" failures="0" timestamp="23 Oct 2019 11:21:45 GMT" time="0.534" errors="0">
  <testcase name="sepEvaluationTest" time="0.534" classname="work.myimss.test.testcases.SepEvaluationTest"/>
</testsuite> <!-- work.myimss.test.testcases.SepEvaluationTest -->
