<?xml version="1.0" encoding="UTF-8"?>
<!-- Generated by org.testng.reporters.JUnitReportReporter -->
<testsuite skipped="0" hostname="IMSS-JKR-CPU-31" name="work.myimss.test.testcases.MyimssAdminTest" tests="1" failures="0" timestamp="23 Oct 2019 11:21:44 GMT" time="3.515" errors="0">
  <testcase name="myimssAdminTest" time="3.515" classname="work.myimss.test.testcases.MyimssAdminTest"/>
</testsuite> <!-- work.myimss.test.testcases.MyimssAdminTest -->
