<?xml version="1.0" encoding="UTF-8"?>
<!-- Generated by org.testng.reporters.JUnitReportReporter -->
<testsuite skipped="0" hostname="IMSS-JKR-CPU-31" name="work.myimss.test.testcases.SepAppConfigEditTest" tests="1" failures="0" timestamp="23 Oct 2019 11:21:44 GMT" time="10.705" errors="0">
  <testcase name="sepAppConfigEditTest" time="10.705" classname="work.myimss.test.testcases.SepAppConfigEditTest"/>
</testsuite> <!-- work.myimss.test.testcases.SepAppConfigEditTest -->
