<?xml version="1.0" encoding="UTF-8"?>
<!-- Generated by org.testng.reporters.JUnitReportReporter -->
<testsuite skipped="0" hostname="IMSS-JKR-CPU-31" name="work.myimss.test.testcases.SepLangSubCategoryTest" tests="1" failures="0" timestamp="30 Oct 2019 11:17:56 GMT" time="1.893" errors="0">
  <testcase name="sepLangSubCategoryTest" time="1.893" classname="work.myimss.test.testcases.SepLangSubCategoryTest"/>
</testsuite> <!-- work.myimss.test.testcases.SepLangSubCategoryTest -->
