<?xml version="1.0" encoding="UTF-8"?>
<!-- Generated by org.testng.reporters.JUnitReportReporter -->
<testsuite skipped="0" hostname="IMSS-JKR-CPU-31" name="work.myimss.test.testcases.SepLangAdvancedSearchTest" tests="1" failures="0" timestamp="23 Oct 2019 11:21:44 GMT" time="2.472" errors="0">
  <testcase name="sepLangAdvancedSearchTest" time="2.472" classname="work.myimss.test.testcases.SepLangAdvancedSearchTest"/>
</testsuite> <!-- work.myimss.test.testcases.SepLangAdvancedSearchTest -->
