<?xml version="1.0" encoding="UTF-8"?>
<!-- Generated by org.testng.reporters.JUnitReportReporter -->
<testsuite skipped="0" hostname="IMSS-JKR-CPU-31" name="work.myimss.test.testcases.LoginTest" tests="1" failures="0" timestamp="23 Oct 2019 11:21:45 GMT" time="5.070" errors="0">
  <testcase name="loginTest" time="5.070" classname="work.myimss.test.testcases.LoginTest"/>
</testsuite> <!-- work.myimss.test.testcases.LoginTest -->
