<?xml version="1.0" encoding="UTF-8"?>
<!-- Generated by org.testng.reporters.JUnitReportReporter -->
<testsuite skipped="0" hostname="IMSS-JKR-CPU-31" name="work.myimss.test.testcases.AdministrationTest" tests="1" failures="0" timestamp="30 Oct 2019 11:17:56 GMT" time="0.517" errors="0">
  <testcase name="administrationTest" time="0.517" classname="work.myimss.test.testcases.AdministrationTest"/>
</testsuite> <!-- work.myimss.test.testcases.AdministrationTest -->
