<?xml version="1.0" encoding="UTF-8"?>
<!-- Generated by org.testng.reporters.JUnitReportReporter -->
<testsuite skipped="0" hostname="IMSS-JKR-CPU-31" name="work.myimss.test.testcases.MyimssAdminTest" tests="1" failures="0" timestamp="11 Nov 2019 09:01:57 GMT" time="1.972" errors="0">
  <testcase name="myimssAdminTest" time="1.972" classname="work.myimss.test.testcases.MyimssAdminTest"/>
</testsuite> <!-- work.myimss.test.testcases.MyimssAdminTest -->
