<?xml version="1.0" encoding="UTF-8"?>
<!-- Generated by org.testng.reporters.JUnitReportReporter -->
<testsuite skipped="0" hostname="IMSS-JKR-CPU-31" name="work.myimss.test.testcases.RoleAdvancedSearchTest" tests="1" failures="0" timestamp="23 Oct 2019 10:16:34 GMT" time="2.532" errors="0">
  <testcase name="roleAdvancedSearchTest" time="2.532" classname="work.myimss.test.testcases.RoleAdvancedSearchTest"/>
</testsuite> <!-- work.myimss.test.testcases.RoleAdvancedSearchTest -->
