<?xml version="1.0" encoding="UTF-8"?>
<!-- Generated by org.testng.reporters.JUnitReportReporter -->
<testsuite skipped="0" hostname="IMSS-JKR-CPU-31" name="work.myimss.test.testcases.SepCreateLangSubCategoryTest" tests="1" failures="0" timestamp="23 Oct 2019 10:16:34 GMT" time="4.162" errors="0">
  <testcase name="sepCreateLangSubCategoryTest" time="4.162" classname="work.myimss.test.testcases.SepCreateLangSubCategoryTest"/>
</testsuite> <!-- work.myimss.test.testcases.SepCreateLangSubCategoryTest -->
