<?xml version="1.0" encoding="UTF-8"?>
<!-- Generated by org.testng.reporters.JUnitReportReporter -->
<testsuite skipped="0" hostname="IMSS-JKR-CPU-31" name="work.myimss.test.testcases.SepLangSubCategoryTest" tests="1" failures="0" timestamp="23 Oct 2019 10:16:33 GMT" time="2.505" errors="0">
  <testcase name="sepLangSubCategoryTest" time="2.505" classname="work.myimss.test.testcases.SepLangSubCategoryTest"/>
</testsuite> <!-- work.myimss.test.testcases.SepLangSubCategoryTest -->
