<?xml version="1.0" encoding="UTF-8"?>
<!-- Generated by org.testng.reporters.JUnitReportReporter -->
<testsuite skipped="0" hostname="IMSS-JKR-LAP-25" name="work.myimss.test.testcases.CreateRoleTest" tests="1" failures="0" timestamp="28 Nov 2019 09:03:35 GMT" time="5.333" errors="0">
  <testcase name="createRoleTest" time="5.333" classname="work.myimss.test.testcases.CreateRoleTest"/>
</testsuite> <!-- work.myimss.test.testcases.CreateRoleTest -->
